<?xml version="1.0" encoding="UTF-8"?>
<!-- Generated by org.testng.reporters.JUnitReportReporter -->
<testsuite hostname="SofoPc" failures="0" tests="1" name="testng.TestClass" time="0.008" errors="0" timestamp="2024-05-05T17:49:19 EEST" skipped="0">
  <testcase classname="testng.TestClass" name="setupTestNG" time="0.008"/>
  <system-out/>
</testsuite> <!-- testng.TestClass -->
