<?xml version="1.0" encoding="UTF-8"?>
<!-- Generated by org.testng.reporters.JUnitReportReporter -->
<testsuite hostname="SofoPc" failures="0" tests="3" name="testngpackage.TestClass" time="13.515" errors="0" timestamp="2024-05-14T15:41:38 EEST" skipped="0">
  <testcase classname="testngpackage.TestClass" name="testOasthEpikoinwnia" time="1.288"/>
  <system-out/>
  <testcase classname="testngpackage.TestClass" name="testExamsLogin" time="1.237"/>
  <system-out/>
  <testcase classname="testngpackage.TestClass" name="testIMDB" time="10.990"/>
  <system-out/>
</testsuite> <!-- testngpackage.TestClass -->
