<?xml version="1.0" encoding="UTF-8"?>
<!-- Generated by org.testng.reporters.JUnitReportReporter -->
<testsuite hostname="SofoPc" failures="0" tests="2" name="Tests.ShoppingCartTests" time="2.065" errors="0" timestamp="2024-06-24T22:38:28 EEST" skipped="0">
  <testcase classname="Tests.ShoppingCartTests" name="addToCartTest" time="1.459"/>
  <system-out/>
  <testcase classname="Tests.ShoppingCartTests" name="removeFromCartTest" time="0.606"/>
  <system-out/>
</testsuite> <!-- Tests.ShoppingCartTests -->
