<?xml version="1.0" encoding="UTF-8"?>
<!-- Generated by org.testng.reporters.JUnitReportReporter -->
<testsuite hostname="SofoPc" failures="0" tests="2" name="Tests.LoginPageTests" time="1.859" errors="0" timestamp="2024-05-24T16:40:53 EEST" skipped="0">
  <testcase classname="Tests.LoginPageTests" name="TestSuccessfulLogin" time="1.268"/>
  <system-out/>
  <testcase classname="Tests.LoginPageTests" name="TestFailedLogin" time="0.591"/>
  <system-out/>
</testsuite> <!-- Tests.LoginPageTests -->
